---- iteration : 1 ----
Iteration limit reached    (Exit mode 9)
            Current function value: 1.0638143470518622e-10
            Iterations: 25
            Function evaluations: 15050
            Gradient evaluations: 25
Iteration limit reached
tf: 900.00745
hold_rho: 6878.03000
hold_alpha: 0.99614

---- iteration : 2 ----
Iteration limit reached    (Exit mode 9)
            Current function value: 8.14618329529504e-11
            Iterations: 25
            Function evaluations: 15050
            Gradient evaluations: 25
Iteration limit reached
tf: 900.00745
hold_rho: 6878.03000
hold_alpha: 0.99614

---- iteration : 3 ----
Iteration limit reached    (Exit mode 9)
            Current function value: 7.492770318971416e-11
            Iterations: 25
            Function evaluations: 15050
            Gradient evaluations: 25
Iteration limit reached
tf: 900.00745
hold_rho: 6878.03000
hold_alpha: 0.99614

---- iteration : 4 ----
Iteration limit reached    (Exit mode 9)
            Current function value: 6.869404585510675e-11
            Iterations: 25
            Function evaluations: 15050
            Gradient evaluations: 25
Iteration limit reached
tf: 900.00745
hold_rho: 6878.03000
hold_alpha: 0.99614

---- iteration : 5 ----
Iteration limit reached    (Exit mode 9)
            Current function value: 6.755505681538499e-11
            Iterations: 25
            Function evaluations: 15050
            Gradient evaluations: 25
Iteration limit reached
tf: 900.00745
hold_rho: 6878.03000
hold_alpha: 0.99614

---- iteration : 6 ----
Iteration limit reached    (Exit mode 9)
            Current function value: 6.582166742384517e-11
            Iterations: 25
            Function evaluations: 15050
            Gradient evaluations: 25
Iteration limit reached
tf: 900.00745
hold_rho: 6878.03000
hold_alpha: 0.99614

---- iteration : 7 ----
Iteration limit reached    (Exit mode 9)
            Current function value: 6.521994468212921e-11
            Iterations: 25
            Function evaluations: 15050
            Gradient evaluations: 25
Iteration limit reached
tf: 900.00745
hold_rho: 6878.03000
hold_alpha: 0.99614

---- iteration : 8 ----
Iteration limit reached    (Exit mode 9)
            Current function value: 6.498236758021601e-11
            Iterations: 25
            Function evaluations: 15050
            Gradient evaluations: 25
Iteration limit reached
tf: 900.00745
hold_rho: 6878.03000
hold_alpha: 0.99614

---- iteration : 9 ----
Iteration limit reached    (Exit mode 9)
            Current function value: 6.441245740428489e-11
            Iterations: 25
            Function evaluations: 15050
            Gradient evaluations: 25
Iteration limit reached
tf: 900.00745
hold_rho: 6878.03000
hold_alpha: 0.99614

---- iteration : 10 ----
Iteration limit reached    (Exit mode 9)
            Current function value: 6.415152887980294e-11
            Iterations: 25
            Function evaluations: 15050
            Gradient evaluations: 25
Iteration limit reached
tf: 900.00745
hold_rho: 6878.03000
hold_alpha: 0.99614

---- iteration : 11 ----
Iteration limit reached    (Exit mode 9)
            Current function value: 6.406147420595561e-11
            Iterations: 25
            Function evaluations: 15050
            Gradient evaluations: 25
Iteration limit reached
tf: 900.00745
hold_rho: 6878.03000
hold_alpha: 0.99614

---- iteration : 12 ----
Iteration limit reached    (Exit mode 9)
            Current function value: 6.391716800759519e-11
            Iterations: 25
            Function evaluations: 15050
            Gradient evaluations: 25
Iteration limit reached
tf: 900.00745
hold_rho: 6878.03000
hold_alpha: 0.99614

---- iteration : 13 ----
Iteration limit reached    (Exit mode 9)
            Current function value: 6.381869457490288e-11
            Iterations: 25
            Function evaluations: 15050
            Gradient evaluations: 25
Iteration limit reached
tf: 900.00745
hold_rho: 6878.03000
hold_alpha: 0.99614

---- iteration : 14 ----
Iteration limit reached    (Exit mode 9)
            Current function value: 6.375704393169351e-11
            Iterations: 25
            Function evaluations: 15050
            Gradient evaluations: 25
Iteration limit reached
tf: 900.00745
hold_rho: 6878.03000
hold_alpha: 0.99614

---- iteration : 15 ----
Iteration limit reached    (Exit mode 9)
            Current function value: 6.370876020454778e-11
            Iterations: 25
            Function evaluations: 15050
            Gradient evaluations: 25
Iteration limit reached
tf: 900.00745
hold_rho: 6878.03000
hold_alpha: 0.99614

---- iteration : 16 ----
Iteration limit reached    (Exit mode 9)
            Current function value: 6.360376614625751e-11
            Iterations: 25
            Function evaluations: 15050
            Gradient evaluations: 25
Iteration limit reached
tf: 900.00745
hold_rho: 6878.03000
hold_alpha: 0.99614

---- iteration : 17 ----
Iteration limit reached    (Exit mode 9)
            Current function value: 6.353333970057146e-11
            Iterations: 25
            Function evaluations: 15050
            Gradient evaluations: 25
Iteration limit reached
tf: 900.00745
hold_rho: 6878.03000
hold_alpha: 0.99614

---- iteration : 18 ----
Iteration limit reached    (Exit mode 9)
            Current function value: 6.349766594605982e-11
            Iterations: 25
            Function evaluations: 15050
            Gradient evaluations: 25
Iteration limit reached
tf: 900.00745
hold_rho: 6878.03000
hold_alpha: 0.99614

---- iteration : 19 ----
Iteration limit reached    (Exit mode 9)
            Current function value: 6.346779314253056e-11
            Iterations: 25
            Function evaluations: 15050
            Gradient evaluations: 25
Iteration limit reached
tf: 900.00745
hold_rho: 6878.03000
hold_alpha: 0.99614

---- iteration : 20 ----
Iteration limit reached    (Exit mode 9)
            Current function value: 6.344371103948847e-11
            Iterations: 25
            Function evaluations: 15050
            Gradient evaluations: 25
Iteration limit reached
tf: 900.00745
hold_rho: 6878.03000
hold_alpha: 0.99614

---- iteration : 21 ----
Iteration limit reached    (Exit mode 9)
            Current function value: 6.342283052902851e-11
            Iterations: 25
            Function evaluations: 15050
            Gradient evaluations: 25
Iteration limit reached
tf: 900.00745
hold_rho: 6878.03000
hold_alpha: 0.99614

---- iteration : 22 ----
Iteration limit reached    (Exit mode 9)
            Current function value: 6.340539141936607e-11
            Iterations: 25
            Function evaluations: 15050
            Gradient evaluations: 25
Iteration limit reached
tf: 900.00745
hold_rho: 6878.03000
hold_alpha: 0.99614

---- iteration : 23 ----
Iteration limit reached    (Exit mode 9)
            Current function value: 6.338983112748097e-11
            Iterations: 25
            Function evaluations: 15050
            Gradient evaluations: 25
Iteration limit reached
tf: 900.00745
hold_rho: 6878.03000
hold_alpha: 0.99614

---- iteration : 24 ----
Iteration limit reached    (Exit mode 9)
            Current function value: 6.338291556425943e-11
            Iterations: 25
            Function evaluations: 15050
            Gradient evaluations: 25
Iteration limit reached
tf: 900.00745
hold_rho: 6878.03000
hold_alpha: 0.99614

---- iteration : 25 ----
Iteration limit reached    (Exit mode 9)
            Current function value: 6.337350989869412e-11
            Iterations: 25
            Function evaluations: 15050
            Gradient evaluations: 25
Iteration limit reached
tf: 900.00745
hold_rho: 6878.03000
hold_alpha: 0.99614

---- iteration : 26 ----
Iteration limit reached    (Exit mode 9)
            Current function value: 6.336451718922337e-11
            Iterations: 25
            Function evaluations: 15050
            Gradient evaluations: 25
Iteration limit reached
tf: 900.00745
hold_rho: 6878.03000
hold_alpha: 0.99614

---- iteration : 27 ----
Iteration limit reached    (Exit mode 9)
            Current function value: 6.335667976530501e-11
            Iterations: 25
            Function evaluations: 15050
            Gradient evaluations: 25
Iteration limit reached
tf: 900.00745
hold_rho: 6878.03000
hold_alpha: 0.99614

---- iteration : 28 ----
Iteration limit reached    (Exit mode 9)
            Current function value: 6.335143654741669e-11
            Iterations: 25
            Function evaluations: 15050
            Gradient evaluations: 25
Iteration limit reached
tf: 900.00745
hold_rho: 6878.03000
hold_alpha: 0.99614

---- iteration : 29 ----
Iteration limit reached    (Exit mode 9)
            Current function value: 6.330768274618031e-11
            Iterations: 25
            Function evaluations: 15050
            Gradient evaluations: 25
Iteration limit reached
tf: 900.00745
hold_rho: 6878.03000
hold_alpha: 0.99614

---- iteration : 30 ----
Iteration limit reached    (Exit mode 9)
            Current function value: 6.328206034368706e-11
            Iterations: 25
            Function evaluations: 15050
            Gradient evaluations: 25
Iteration limit reached
tf: 900.00745
hold_rho: 6878.03000
hold_alpha: 0.99614

---- iteration : 31 ----
Iteration limit reached    (Exit mode 9)
            Current function value: 6.3276965048323e-11
            Iterations: 25
            Function evaluations: 15050
            Gradient evaluations: 25
Iteration limit reached
tf: 900.00745
hold_rho: 6878.03000
hold_alpha: 0.99614

---- iteration : 32 ----
Iteration limit reached    (Exit mode 9)
            Current function value: 6.327250925488543e-11
            Iterations: 25
            Function evaluations: 15050
            Gradient evaluations: 25
Iteration limit reached
tf: 900.00745
hold_rho: 6878.03000
hold_alpha: 0.99614

---- iteration : 33 ----
Iteration limit reached    (Exit mode 9)
            Current function value: 6.325479846221585e-11
            Iterations: 25
            Function evaluations: 15050
            Gradient evaluations: 25
Iteration limit reached
tf: 900.00745
hold_rho: 6878.03000
hold_alpha: 0.99614

---- iteration : 34 ----
Iteration limit reached    (Exit mode 9)
            Current function value: 6.324368605558773e-11
            Iterations: 25
            Function evaluations: 15050
            Gradient evaluations: 25
Iteration limit reached
tf: 900.00745
hold_rho: 6878.03000
hold_alpha: 0.99614

---- iteration : 35 ----
Iteration limit reached    (Exit mode 9)
            Current function value: 6.323932896991459e-11
            Iterations: 25
            Function evaluations: 15050
            Gradient evaluations: 25
Iteration limit reached
tf: 900.00745
hold_rho: 6878.03000
hold_alpha: 0.99614

---- iteration : 36 ----
Iteration limit reached    (Exit mode 9)
            Current function value: 6.323546903912455e-11
            Iterations: 25
            Function evaluations: 15050
            Gradient evaluations: 25
Iteration limit reached
tf: 900.00745
hold_rho: 6878.03000
hold_alpha: 0.99614

---- iteration : 37 ----
Iteration limit reached    (Exit mode 9)
            Current function value: 6.32342129834291e-11
            Iterations: 25
            Function evaluations: 15050
            Gradient evaluations: 25
Iteration limit reached
tf: 900.00745
hold_rho: 6878.03000
hold_alpha: 0.99614

---- iteration : 38 ----
Iteration limit reached    (Exit mode 9)
            Current function value: 6.323305681762799e-11
            Iterations: 25
            Function evaluations: 15050
            Gradient evaluations: 25
Iteration limit reached
tf: 900.00745
hold_rho: 6878.03000
hold_alpha: 0.99614

---- iteration : 39 ----
Iteration limit reached    (Exit mode 9)
            Current function value: 6.323203095760896e-11
            Iterations: 25
            Function evaluations: 15050
            Gradient evaluations: 25
Iteration limit reached
tf: 900.00745
hold_rho: 6878.03000
hold_alpha: 0.99614

---- iteration : 40 ----
Iteration limit reached    (Exit mode 9)
            Current function value: 6.323088974212104e-11
            Iterations: 25
            Function evaluations: 15050
            Gradient evaluations: 25
Iteration limit reached
tf: 900.00745
hold_rho: 6878.03000
hold_alpha: 0.99614

---- iteration : 41 ----
Iteration limit reached    (Exit mode 9)
            Current function value: 6.321009819135641e-11
            Iterations: 25
            Function evaluations: 15050
            Gradient evaluations: 25
Iteration limit reached
tf: 900.00745
hold_rho: 6878.03000
hold_alpha: 0.99614

---- iteration : 42 ----
Iteration limit reached    (Exit mode 9)
            Current function value: 6.320184145982132e-11
            Iterations: 25
            Function evaluations: 15050
            Gradient evaluations: 25
Iteration limit reached
tf: 900.00745
hold_rho: 6878.03000
hold_alpha: 0.99614

---- iteration : 43 ----
Iteration limit reached    (Exit mode 9)
            Current function value: 6.320126044928088e-11
            Iterations: 25
            Function evaluations: 15050
            Gradient evaluations: 25
Iteration limit reached
tf: 900.00745
hold_rho: 6878.03000
hold_alpha: 0.99614

---- iteration : 44 ----
Iteration limit reached    (Exit mode 9)
            Current function value: 6.320097040444553e-11
            Iterations: 25
            Function evaluations: 15050
            Gradient evaluations: 25
Iteration limit reached
tf: 900.00745
hold_rho: 6878.03000
hold_alpha: 0.99614

---- iteration : 45 ----
Iteration limit reached    (Exit mode 9)
            Current function value: 6.320069871866695e-11
            Iterations: 25
            Function evaluations: 15050
            Gradient evaluations: 25
Iteration limit reached
tf: 900.00745
hold_rho: 6878.03000
hold_alpha: 0.99614

---- iteration : 46 ----
Iteration limit reached    (Exit mode 9)
            Current function value: 6.320042918170084e-11
            Iterations: 25
            Function evaluations: 15050
            Gradient evaluations: 25
Iteration limit reached
tf: 900.00745
hold_rho: 6878.03000
hold_alpha: 0.99614

---- iteration : 47 ----
Iteration limit reached    (Exit mode 9)
            Current function value: 6.320016781435015e-11
            Iterations: 25
            Function evaluations: 15050
            Gradient evaluations: 25
Iteration limit reached
tf: 900.00745
hold_rho: 6878.03000
hold_alpha: 0.99614

---- iteration : 48 ----
Iteration limit reached    (Exit mode 9)
            Current function value: 6.319991533381558e-11
            Iterations: 25
            Function evaluations: 15050
            Gradient evaluations: 25
Iteration limit reached
tf: 900.00745
hold_rho: 6878.03000
hold_alpha: 0.99614

---- iteration : 49 ----
Iteration limit reached    (Exit mode 9)
            Current function value: 6.319966193041477e-11
            Iterations: 25
            Function evaluations: 15050
            Gradient evaluations: 25
Iteration limit reached
tf: 900.00745
hold_rho: 6878.03000
hold_alpha: 0.99614

---- iteration : 50 ----
Iteration limit reached    (Exit mode 9)
            Current function value: 6.319942128779731e-11
            Iterations: 25
            Function evaluations: 15050
            Gradient evaluations: 25
Iteration limit reached
tf: 900.00745
hold_rho: 6878.03000
hold_alpha: 0.99614

---- iteration : 51 ----
Iteration limit reached    (Exit mode 9)
            Current function value: 6.319914795951353e-11
            Iterations: 25
            Function evaluations: 15050
            Gradient evaluations: 25
Iteration limit reached
tf: 900.00745
hold_rho: 6878.03000
hold_alpha: 0.99614

---- iteration : 52 ----
Iteration limit reached    (Exit mode 9)
            Current function value: 6.319887950139186e-11
            Iterations: 25
            Function evaluations: 15050
            Gradient evaluations: 25
Iteration limit reached
tf: 900.00745
hold_rho: 6878.03000
hold_alpha: 0.99614

---- iteration : 53 ----
Iteration limit reached    (Exit mode 9)
            Current function value: 6.31986224214473e-11
            Iterations: 25
            Function evaluations: 15050
            Gradient evaluations: 25
Iteration limit reached
tf: 900.00745
hold_rho: 6878.03000
hold_alpha: 0.99614

---- iteration : 54 ----
Iteration limit reached    (Exit mode 9)
            Current function value: 6.319836879330457e-11
            Iterations: 25
            Function evaluations: 15050
            Gradient evaluations: 25
Iteration limit reached
tf: 900.00745
hold_rho: 6878.03000
hold_alpha: 0.99614

---- iteration : 55 ----
Iteration limit reached    (Exit mode 9)
            Current function value: 6.319812490055492e-11
            Iterations: 25
            Function evaluations: 15050
            Gradient evaluations: 25
Iteration limit reached
tf: 900.00745
hold_rho: 6878.03000
hold_alpha: 0.99614

---- iteration : 56 ----
Iteration limit reached    (Exit mode 9)
            Current function value: 6.319788631696946e-11
            Iterations: 25
            Function evaluations: 15050
            Gradient evaluations: 25
Iteration limit reached
tf: 900.00745
hold_rho: 6878.03000
hold_alpha: 0.99614

---- iteration : 57 ----
Iteration limit reached    (Exit mode 9)
            Current function value: 6.319765479546528e-11
            Iterations: 25
            Function evaluations: 15050
            Gradient evaluations: 25
Iteration limit reached
tf: 900.00745
hold_rho: 6878.03000
hold_alpha: 0.99614

---- iteration : 58 ----
Iteration limit reached    (Exit mode 9)
            Current function value: 6.319743048720923e-11
            Iterations: 25
            Function evaluations: 15050
            Gradient evaluations: 25
Iteration limit reached
tf: 900.00745
hold_rho: 6878.03000
hold_alpha: 0.99614

---- iteration : 59 ----
Iteration limit reached    (Exit mode 9)
            Current function value: 6.319721550412003e-11
            Iterations: 25
            Function evaluations: 15050
            Gradient evaluations: 25
Iteration limit reached
tf: 900.00745
hold_rho: 6878.03000
hold_alpha: 0.99614

---- iteration : 60 ----
Iteration limit reached    (Exit mode 9)
            Current function value: 6.319698870635482e-11
            Iterations: 25
            Function evaluations: 15050
            Gradient evaluations: 25
Iteration limit reached
tf: 900.00745
hold_rho: 6878.03000
hold_alpha: 0.99614

---- iteration : 61 ----
Iteration limit reached    (Exit mode 9)
            Current function value: 6.31967699661103e-11
            Iterations: 25
            Function evaluations: 15050
            Gradient evaluations: 25
Iteration limit reached
tf: 900.00745
hold_rho: 6878.03000
hold_alpha: 0.99614

---- iteration : 62 ----
Iteration limit reached    (Exit mode 9)
            Current function value: 6.31963585198136e-11
            Iterations: 25
            Function evaluations: 15050
            Gradient evaluations: 25
Iteration limit reached
tf: 900.00745
hold_rho: 6878.03000
hold_alpha: 0.99614

---- iteration : 63 ----
Iteration limit reached    (Exit mode 9)
            Current function value: 6.319605939874786e-11
            Iterations: 25
            Function evaluations: 15050
            Gradient evaluations: 25
Iteration limit reached
tf: 900.00745
hold_rho: 6878.03000
hold_alpha: 0.99614

---- iteration : 64 ----
Iteration limit reached    (Exit mode 9)
            Current function value: 6.31953246632374e-11
            Iterations: 25
            Function evaluations: 15050
            Gradient evaluations: 25
Iteration limit reached
tf: 900.00745
hold_rho: 6878.03000
hold_alpha: 0.99614

---- iteration : 65 ----
Iteration limit reached    (Exit mode 9)
            Current function value: 6.31947854269152e-11
            Iterations: 25
            Function evaluations: 15050
            Gradient evaluations: 25
Iteration limit reached
tf: 900.00745
hold_rho: 6878.03000
hold_alpha: 0.99614

---- iteration : 66 ----
Iteration limit reached    (Exit mode 9)
            Current function value: 6.319439620429246e-11
            Iterations: 25
            Function evaluations: 15050
            Gradient evaluations: 25
Iteration limit reached
tf: 900.00745
hold_rho: 6878.03000
hold_alpha: 0.99614

---- iteration : 67 ----
Iteration limit reached    (Exit mode 9)
            Current function value: 6.319402403693187e-11
            Iterations: 25
            Function evaluations: 15050
            Gradient evaluations: 25
Iteration limit reached
tf: 900.00745
hold_rho: 6878.03000
hold_alpha: 0.99614

---- iteration : 68 ----
Iteration limit reached    (Exit mode 9)
            Current function value: 6.319387392142206e-11
            Iterations: 25
            Function evaluations: 15050
            Gradient evaluations: 25
Iteration limit reached
tf: 900.00745
hold_rho: 6878.03000
hold_alpha: 0.99614

---- iteration : 69 ----
Iteration limit reached    (Exit mode 9)
            Current function value: 6.319361163692309e-11
            Iterations: 25
            Function evaluations: 15050
            Gradient evaluations: 25
Iteration limit reached
tf: 900.00745
hold_rho: 6878.03000
hold_alpha: 0.99614

---- iteration : 70 ----
Iteration limit reached    (Exit mode 9)
            Current function value: 6.319335894901641e-11
            Iterations: 25
            Function evaluations: 15050
            Gradient evaluations: 25
Iteration limit reached
tf: 900.00745
hold_rho: 6878.03000
hold_alpha: 0.99614

---- iteration : 71 ----
Iteration limit reached    (Exit mode 9)
            Current function value: 6.319312109817976e-11
            Iterations: 25
            Function evaluations: 15050
            Gradient evaluations: 25
Iteration limit reached
tf: 900.00745
hold_rho: 6878.03000
hold_alpha: 0.99614

---- iteration : 72 ----
Iteration limit reached    (Exit mode 9)
            Current function value: 6.319288588006781e-11
            Iterations: 25
            Function evaluations: 15050
            Gradient evaluations: 25
Iteration limit reached
tf: 900.00745
hold_rho: 6878.03000
hold_alpha: 0.99614

---- iteration : 73 ----
Iteration limit reached    (Exit mode 9)
            Current function value: 6.319266164016248e-11
            Iterations: 25
            Function evaluations: 15050
            Gradient evaluations: 25
Iteration limit reached
tf: 900.00745
hold_rho: 6878.03000
hold_alpha: 0.99614

---- iteration : 74 ----
Iteration limit reached    (Exit mode 9)
            Current function value: 6.319244102196557e-11
            Iterations: 25
            Function evaluations: 15050
            Gradient evaluations: 25
Iteration limit reached
tf: 900.00745
hold_rho: 6878.03000
hold_alpha: 0.99614

---- iteration : 75 ----
Iteration limit reached    (Exit mode 9)
            Current function value: 6.319233226386314e-11
            Iterations: 25
            Function evaluations: 15050
            Gradient evaluations: 25
Iteration limit reached
tf: 900.00745
hold_rho: 6878.03000
hold_alpha: 0.99614

---- iteration : 76 ----
Iteration limit reached    (Exit mode 9)
            Current function value: 6.319222755127987e-11
            Iterations: 25
            Function evaluations: 15050
            Gradient evaluations: 25
Iteration limit reached
tf: 900.00745
hold_rho: 6878.03000
hold_alpha: 0.99614

---- iteration : 77 ----
Iteration limit reached    (Exit mode 9)
            Current function value: 6.319188623553645e-11
            Iterations: 25
            Function evaluations: 15050
            Gradient evaluations: 25
Iteration limit reached
tf: 900.00745
hold_rho: 6878.03000
hold_alpha: 0.99614

---- iteration : 78 ----
Iteration limit reached    (Exit mode 9)
            Current function value: 6.319155856370612e-11
            Iterations: 25
            Function evaluations: 15050
            Gradient evaluations: 25
Iteration limit reached
tf: 900.00745
hold_rho: 6878.03000
hold_alpha: 0.99614

---- iteration : 79 ----
Iteration limit reached    (Exit mode 9)
            Current function value: 6.319135568819963e-11
            Iterations: 25
            Function evaluations: 15050
            Gradient evaluations: 25
Iteration limit reached
tf: 900.00745
hold_rho: 6878.03000
hold_alpha: 0.99614

---- iteration : 80 ----
Iteration limit reached    (Exit mode 9)
            Current function value: 6.319116018937231e-11
            Iterations: 25
            Function evaluations: 15050
            Gradient evaluations: 25
Iteration limit reached
tf: 900.00745
hold_rho: 6878.03000
hold_alpha: 0.99614

---- iteration : 81 ----
Iteration limit reached    (Exit mode 9)
            Current function value: 6.319101033835378e-11
            Iterations: 25
            Function evaluations: 15050
            Gradient evaluations: 25
Iteration limit reached
tf: 900.00745
hold_rho: 6878.03000
hold_alpha: 0.99614

---- iteration : 82 ----
Iteration limit reached    (Exit mode 9)
            Current function value: 6.319087085136856e-11
            Iterations: 25
            Function evaluations: 15050
            Gradient evaluations: 25
Iteration limit reached
tf: 900.00745
hold_rho: 6878.03000
hold_alpha: 0.99614

---- iteration : 83 ----
Iteration limit reached    (Exit mode 9)
            Current function value: 6.319059813642305e-11
            Iterations: 25
            Function evaluations: 15050
            Gradient evaluations: 25
Iteration limit reached
tf: 900.00745
hold_rho: 6878.03000
hold_alpha: 0.99614

---- iteration : 84 ----
Iteration limit reached    (Exit mode 9)
            Current function value: 6.31903270571556e-11
            Iterations: 25
            Function evaluations: 15050
            Gradient evaluations: 25
Iteration limit reached
tf: 900.00745
hold_rho: 6878.03000
hold_alpha: 0.99614

---- iteration : 85 ----
Iteration limit reached    (Exit mode 9)
            Current function value: 6.319009677746514e-11
            Iterations: 25
            Function evaluations: 15050
            Gradient evaluations: 25
Iteration limit reached
tf: 900.00745
hold_rho: 6878.03000
hold_alpha: 0.99614

---- iteration : 86 ----
Iteration limit reached    (Exit mode 9)
            Current function value: 6.318986526964851e-11
            Iterations: 25
            Function evaluations: 15050
            Gradient evaluations: 25
Iteration limit reached
tf: 900.00745
hold_rho: 6878.03000
hold_alpha: 0.99614

---- iteration : 87 ----
Iteration limit reached    (Exit mode 9)
            Current function value: 6.318964931759887e-11
            Iterations: 25
            Function evaluations: 15050
            Gradient evaluations: 25
Iteration limit reached
tf: 900.00745
hold_rho: 6878.03000
hold_alpha: 0.99614

---- iteration : 88 ----
Iteration limit reached    (Exit mode 9)
            Current function value: 6.318945148808424e-11
            Iterations: 25
            Function evaluations: 15050
            Gradient evaluations: 25
Iteration limit reached
tf: 900.00745
hold_rho: 6878.03000
hold_alpha: 0.99614

---- iteration : 89 ----
Iteration limit reached    (Exit mode 9)
            Current function value: 6.318756472917024e-11
            Iterations: 25
            Function evaluations: 15050
            Gradient evaluations: 25
Iteration limit reached
tf: 900.00745
hold_rho: 6878.03000
hold_alpha: 0.99614

---- iteration : 90 ----
Iteration limit reached    (Exit mode 9)
            Current function value: 6.318637552320715e-11
            Iterations: 25
            Function evaluations: 15050
            Gradient evaluations: 25
Iteration limit reached
tf: 900.00745
hold_rho: 6878.03000
hold_alpha: 0.99614

---- iteration : 91 ----
Iteration limit reached    (Exit mode 9)
            Current function value: 6.318590202307825e-11
            Iterations: 25
            Function evaluations: 15050
            Gradient evaluations: 25
Iteration limit reached
tf: 900.00745
hold_rho: 6878.03000
hold_alpha: 0.99614

---- iteration : 92 ----
Iteration limit reached    (Exit mode 9)
            Current function value: 6.318565262313113e-11
            Iterations: 25
            Function evaluations: 15050
            Gradient evaluations: 25
Iteration limit reached
tf: 900.00745
hold_rho: 6878.03000
hold_alpha: 0.99614

---- iteration : 93 ----
Iteration limit reached    (Exit mode 9)
            Current function value: 6.318539029538178e-11
            Iterations: 25
            Function evaluations: 15050
            Gradient evaluations: 25
Iteration limit reached
tf: 900.00745
hold_rho: 6878.03000
hold_alpha: 0.99614

---- iteration : 94 ----
Iteration limit reached    (Exit mode 9)
            Current function value: 6.318519062593987e-11
            Iterations: 25
            Function evaluations: 15050
            Gradient evaluations: 25
Iteration limit reached
tf: 900.00745
hold_rho: 6878.03000
hold_alpha: 0.99614

---- iteration : 95 ----
Iteration limit reached    (Exit mode 9)
            Current function value: 6.318507583168233e-11
            Iterations: 25
            Function evaluations: 15050
            Gradient evaluations: 25
Iteration limit reached
tf: 900.00745
hold_rho: 6878.03000
hold_alpha: 0.99614

---- iteration : 96 ----
Iteration limit reached    (Exit mode 9)
            Current function value: 6.318496715218173e-11
            Iterations: 25
            Function evaluations: 15050
            Gradient evaluations: 25
Iteration limit reached
tf: 900.00745
hold_rho: 6878.03000
hold_alpha: 0.99614

---- iteration : 97 ----
Iteration limit reached    (Exit mode 9)
            Current function value: 6.318488272821854e-11
            Iterations: 25
            Function evaluations: 15050
            Gradient evaluations: 25
Iteration limit reached
tf: 900.00745
hold_rho: 6878.03000
hold_alpha: 0.99614

---- iteration : 98 ----
Iteration limit reached    (Exit mode 9)
            Current function value: 6.31847993444573e-11
            Iterations: 25
            Function evaluations: 15050
            Gradient evaluations: 25
Iteration limit reached
tf: 900.00745
hold_rho: 6878.03000
hold_alpha: 0.99614

---- iteration : 99 ----
Iteration limit reached    (Exit mode 9)
            Current function value: 6.318472129286067e-11
            Iterations: 25
            Function evaluations: 15050
            Gradient evaluations: 25
Iteration limit reached
tf: 900.00745
hold_rho: 6878.03000
hold_alpha: 0.99614

---- iteration : 100 ----
Iteration limit reached    (Exit mode 9)
            Current function value: 6.318464405866105e-11
            Iterations: 25
            Function evaluations: 15050
            Gradient evaluations: 25
Iteration limit reached
tf: 900.00745
hold_rho: 6878.03000
hold_alpha: 0.99614

